<?xml version="1.0" encoding="UTF-8"?>
<!-- Generated by org.testng.reporters.JUnitXMLReporter -->
<testsuite ignored="0" hostname="MSI" failures="0" tests="1" name="PreLoginRegression" time="24.118" errors="0" timestamp="2023-11-01T17:01:16 IST">
  <testcase classname="org.mobileautomation.BaseTest" name="@BeforeClass ConfigureAppium" time="24.084">
    <failure type="org.openqa.selenium.SessionNotCreatedException" message="Could not start a new session. Response code 500. Message: An unknown server-side error occurred while processing the command. Original error: Could not proxy command to the remote server. Original error: socket hang up 
Host info: host: &amp;apos;MSI&amp;apos;, ip: &amp;apos;192.168.43.100&amp;apos;
Build info: version: &amp;apos;4.14.1&amp;apos;, revision: &amp;apos;03f8ede370&amp;apos;
System info: os.name: &amp;apos;Windows 11&amp;apos;, os.arch: &amp;apos;amd64&amp;apos;, os.version: &amp;apos;10.0&amp;apos;, java.version: &amp;apos;17.0.5&amp;apos;
Driver info: io.appium.java_client.android.AndroidDriver
Command: [null, newSession {capabilities=[{appium:deviceName=MukeshEmulator2, platformName=ANDROID, appium:automationName=UIAutomator2, appium:app=C://Users//tmuke//NewWorkSpace//LifeAssitBalic//src//test//java//resources//lifeassist.apk}], desiredCapabilities=Capabilities {appium:app: C://Users//tmuke//NewWorkSp..., appium:automationName: UIAutomator2, appium:deviceName: MukeshEmulator2, platformName: ANDROID}}]
Capabilities {appium:app: C://Users//tmuke//NewWorkSp..., appium:automationName: UIAutomator2, appium:deviceName: MukeshEmulator2, platformName: ANDROID}">
      <![CDATA[org.openqa.selenium.SessionNotCreatedException: Could not start a new session. Response code 500. Message: An unknown server-side error occurred while processing the command. Original error: Could not proxy command to the remote server. Original error: socket hang up 
Host info: host: 'MSI', ip: '192.168.43.100'
Build info: version: '4.14.1', revision: '03f8ede370'
System info: os.name: 'Windows 11', os.arch: 'amd64', os.version: '10.0', java.version: '17.0.5'
Driver info: io.appium.java_client.android.AndroidDriver
Command: [null, newSession {capabilities=[{appium:deviceName=MukeshEmulator2, platformName=ANDROID, appium:automationName=UIAutomator2, appium:app=C://Users//tmuke//NewWorkSpace//LifeAssitBalic//src//test//java//resources//lifeassist.apk}], desiredCapabilities=Capabilities {appium:app: C://Users//tmuke//NewWorkSp..., appium:automationName: UIAutomator2, appium:deviceName: MukeshEmulator2, platformName: ANDROID}}]
Capabilities {appium:app: C://Users//tmuke//NewWorkSp..., appium:automationName: UIAutomator2, appium:deviceName: MukeshEmulator2, platformName: ANDROID}
at org.openqa.selenium.remote.ProtocolHandshake.createSession(ProtocolHandshake.java:140)
at io.appium.java_client.remote.AppiumProtocolHandshake.createSession(AppiumProtocolHandshake.java:133)
at io.appium.java_client.remote.AppiumProtocolHandshake.createSession(AppiumProtocolHandshake.java:102)
at io.appium.java_client.remote.AppiumCommandExecutor.createSession(AppiumCommandExecutor.java:177)
at io.appium.java_client.remote.AppiumCommandExecutor.execute(AppiumCommandExecutor.java:238)
at org.openqa.selenium.remote.RemoteWebDriver.execute(RemoteWebDriver.java:602)
at io.appium.java_client.AppiumDriver.startSession(AppiumDriver.java:268)
at org.openqa.selenium.remote.RemoteWebDriver.<init>(RemoteWebDriver.java:163)
at io.appium.java_client.AppiumDriver.<init>(AppiumDriver.java:90)
at io.appium.java_client.AppiumDriver.<init>(AppiumDriver.java:102)
at io.appium.java_client.android.AndroidDriver.<init>(AndroidDriver.java:109)
at org.mobileautomation.BaseTest.ConfigureAppium(BaseTest.java:37)
at java.base/java.util.ArrayList.forEach(ArrayList.java:1511)
at java.base/java.util.concurrent.FutureTask.run(FutureTask.java:264)
at java.base/java.util.concurrent.ThreadPoolExecutor.runWorker(ThreadPoolExecutor.java:1136)
at java.base/java.util.concurrent.ThreadPoolExecutor$Worker.run(ThreadPoolExecutor.java:635)
at java.base/java.lang.Thread.run(Thread.java:833)
... Removed 20 stack frames]]>
    </failure>
  </testcase> <!-- @BeforeClass ConfigureAppium -->
  <testcase classname="org.mobileautomation.BaseTest" name="@AfterClass tearDown" time="-1.698838276778E9">
    <skipped/>
  </testcase> <!-- @AfterClass tearDown -->
  <testcase classname="org.mobileautomation.PreloginTest" name="PreloginpageTest" time="0.0">
    <skipped/>
  </testcase> <!-- PreloginpageTest -->
</testsuite> <!-- PreLoginRegression -->
