<?xml version="1.0" encoding="UTF-8"?>
<!-- Generated by org.testng.reporters.JUnitXMLReporter -->
<testsuite ignored="0" hostname="MSI" failures="5" tests="10" name="PreLoginRegression" time="390.917" errors="0" timestamp="2023-11-30T15:42:27 IST">
  <testcase classname="org.mobileautomation.PreloginTest" name="PreloginpageTest" time="47.779"/>
  <testcase classname="org.mobileautomation.ContactpageTest" name="ContactusTest" time="37.107"/>
  <testcase classname="org.mobileautomation.PaypremiumTest" name="paypremiumpageTest" time="33.086"/>
  <testcase classname="org.mobileautomation.PaypremiumL1screenTest" name="paypremiumpageTest" time="36.133"/>
  <testcase classname="org.mobileautomation.LoginTest" name="LoginpageTest" time="34.512"/>
  <testcase classname="org.mobileautomation.LoginTest" name="LoginpageTest" time="28.238">
    <failure type="org.openqa.selenium.NoSuchElementException" message="An element could not be located on the page using the given search parameters.
For documentation on this error, please visit: https://www.selenium.dev/documentation/webdriver/troubleshooting/errors#no-such-element-exception
Build info: version: &amp;apos;4.15.0&amp;apos;, revision: &amp;apos;1d14b5521b&amp;apos;
System info: os.name: &amp;apos;Windows 11&amp;apos;, os.arch: &amp;apos;amd64&amp;apos;, os.version: &amp;apos;10.0&amp;apos;, java.version: &amp;apos;17.0.5&amp;apos;
Driver info: io.appium.java_client.android.AndroidDriver
Command: [cfddbb74-490b-4e04-a251-95dfe09b2130, findElement {using=xpath, value=//android.widget.Button[@content-desc=&amp;quot;Login&amp;quot;]/android.widget.TextView}]
Capabilities {appium:app: C://Users//tmuke//NewWorkSp..., appium:appPackage: bajaj.customer.screens, appium:automationName: UIAutomator2, appium:databaseEnabled: false, appium:desired: {app: C://Users//tmuke//NewWorkSp..., automationName: UIAutomator2, deviceName: MukeshEmulator2, platformName: ANDROID}, appium:deviceApiLevel: 30, appium:deviceManufacturer: unknown, appium:deviceModel: Android SDK built for x86, appium:deviceName: emulator-5554, appium:deviceScreenDensity: 560, appium:deviceScreenSize: 1440x3120, appium:deviceUDID: emulator-5554, appium:javascriptEnabled: true, appium:locationContextEnabled: false, appium:networkConnectionEnabled: true, appium:pixelRatio: 3.5, appium:platformVersion: 11, appium:statBarHeight: 84, appium:takesScreenshot: true, appium:viewportRect: {height: 2868, left: 0, top: 84, width: 1440}, appium:warnings: {}, appium:webStorageEnabled: false, platformName: ANDROID}
Session ID: cfddbb74-490b-4e04-a251-95dfe09b2130">
      <![CDATA[org.openqa.selenium.NoSuchElementException: An element could not be located on the page using the given search parameters.
For documentation on this error, please visit: https://www.selenium.dev/documentation/webdriver/troubleshooting/errors#no-such-element-exception
Build info: version: '4.15.0', revision: '1d14b5521b'
System info: os.name: 'Windows 11', os.arch: 'amd64', os.version: '10.0', java.version: '17.0.5'
Driver info: io.appium.java_client.android.AndroidDriver
Command: [cfddbb74-490b-4e04-a251-95dfe09b2130, findElement {using=xpath, value=//android.widget.Button[@content-desc="Login"]/android.widget.TextView}]
Capabilities {appium:app: C://Users//tmuke//NewWorkSp..., appium:appPackage: bajaj.customer.screens, appium:automationName: UIAutomator2, appium:databaseEnabled: false, appium:desired: {app: C://Users//tmuke//NewWorkSp..., automationName: UIAutomator2, deviceName: MukeshEmulator2, platformName: ANDROID}, appium:deviceApiLevel: 30, appium:deviceManufacturer: unknown, appium:deviceModel: Android SDK built for x86, appium:deviceName: emulator-5554, appium:deviceScreenDensity: 560, appium:deviceScreenSize: 1440x3120, appium:deviceUDID: emulator-5554, appium:javascriptEnabled: true, appium:locationContextEnabled: false, appium:networkConnectionEnabled: true, appium:pixelRatio: 3.5, appium:platformVersion: 11, appium:statBarHeight: 84, appium:takesScreenshot: true, appium:viewportRect: {height: 2868, left: 0, top: 84, width: 1440}, appium:warnings: {}, appium:webStorageEnabled: false, platformName: ANDROID}
Session ID: cfddbb74-490b-4e04-a251-95dfe09b2130
at org.openqa.selenium.remote.codec.w3c.W3CHttpResponseCodec.createException(W3CHttpResponseCodec.java:200)
at org.openqa.selenium.remote.codec.w3c.W3CHttpResponseCodec.decode(W3CHttpResponseCodec.java:133)
at org.openqa.selenium.remote.codec.w3c.W3CHttpResponseCodec.decode(W3CHttpResponseCodec.java:52)
at org.openqa.selenium.remote.HttpCommandExecutor.execute(HttpCommandExecutor.java:191)
at io.appium.java_client.remote.AppiumCommandExecutor.execute(AppiumCommandExecutor.java:238)
at org.openqa.selenium.remote.RemoteWebDriver.execute(RemoteWebDriver.java:607)
at org.openqa.selenium.remote.ElementLocation$ElementFinder$2.findElement(ElementLocation.java:165)
at org.openqa.selenium.remote.ElementLocation.findElement(ElementLocation.java:59)
at org.openqa.selenium.remote.RemoteWebDriver.findElement(RemoteWebDriver.java:364)
at org.openqa.selenium.remote.RemoteWebDriver.findElement(RemoteWebDriver.java:358)
at org.openqa.selenium.support.pagefactory.DefaultElementLocator.findElement(DefaultElementLocator.java:68)
at org.openqa.selenium.support.pagefactory.internal.LocatingElementHandler.invoke(LocatingElementHandler.java:38)
at jdk.proxy2/jdk.proxy2.$Proxy15.click(Unknown Source)
at org.mobileautomation.pageObject.Loginpage.clickonLoginBtn(Loginpage.java:96)
at org.mobileautomation.LoginTest.LoginpageTest(LoginTest.java:32)
at java.base/java.util.ArrayList.forEach(ArrayList.java:1511)
... Removed 32 stack frames]]>
    </failure>
  </testcase> <!-- LoginpageTest -->
  <testcase classname="org.mobileautomation.LoginTest" name="LoginpageTest" time="22.284">
    <failure type="org.openqa.selenium.NoSuchElementException" message="An element could not be located on the page using the given search parameters.
For documentation on this error, please visit: https://www.selenium.dev/documentation/webdriver/troubleshooting/errors#no-such-element-exception
Build info: version: &amp;apos;4.15.0&amp;apos;, revision: &amp;apos;1d14b5521b&amp;apos;
System info: os.name: &amp;apos;Windows 11&amp;apos;, os.arch: &amp;apos;amd64&amp;apos;, os.version: &amp;apos;10.0&amp;apos;, java.version: &amp;apos;17.0.5&amp;apos;
Driver info: io.appium.java_client.android.AndroidDriver
Command: [cfddbb74-490b-4e04-a251-95dfe09b2130, findElement {using=xpath, value=//android.widget.Button[@content-desc=&amp;quot;Login&amp;quot;]/android.widget.TextView}]
Capabilities {appium:app: C://Users//tmuke//NewWorkSp..., appium:appPackage: bajaj.customer.screens, appium:automationName: UIAutomator2, appium:databaseEnabled: false, appium:desired: {app: C://Users//tmuke//NewWorkSp..., automationName: UIAutomator2, deviceName: MukeshEmulator2, platformName: ANDROID}, appium:deviceApiLevel: 30, appium:deviceManufacturer: unknown, appium:deviceModel: Android SDK built for x86, appium:deviceName: emulator-5554, appium:deviceScreenDensity: 560, appium:deviceScreenSize: 1440x3120, appium:deviceUDID: emulator-5554, appium:javascriptEnabled: true, appium:locationContextEnabled: false, appium:networkConnectionEnabled: true, appium:pixelRatio: 3.5, appium:platformVersion: 11, appium:statBarHeight: 84, appium:takesScreenshot: true, appium:viewportRect: {height: 2868, left: 0, top: 84, width: 1440}, appium:warnings: {}, appium:webStorageEnabled: false, platformName: ANDROID}
Session ID: cfddbb74-490b-4e04-a251-95dfe09b2130">
      <![CDATA[org.openqa.selenium.NoSuchElementException: An element could not be located on the page using the given search parameters.
For documentation on this error, please visit: https://www.selenium.dev/documentation/webdriver/troubleshooting/errors#no-such-element-exception
Build info: version: '4.15.0', revision: '1d14b5521b'
System info: os.name: 'Windows 11', os.arch: 'amd64', os.version: '10.0', java.version: '17.0.5'
Driver info: io.appium.java_client.android.AndroidDriver
Command: [cfddbb74-490b-4e04-a251-95dfe09b2130, findElement {using=xpath, value=//android.widget.Button[@content-desc="Login"]/android.widget.TextView}]
Capabilities {appium:app: C://Users//tmuke//NewWorkSp..., appium:appPackage: bajaj.customer.screens, appium:automationName: UIAutomator2, appium:databaseEnabled: false, appium:desired: {app: C://Users//tmuke//NewWorkSp..., automationName: UIAutomator2, deviceName: MukeshEmulator2, platformName: ANDROID}, appium:deviceApiLevel: 30, appium:deviceManufacturer: unknown, appium:deviceModel: Android SDK built for x86, appium:deviceName: emulator-5554, appium:deviceScreenDensity: 560, appium:deviceScreenSize: 1440x3120, appium:deviceUDID: emulator-5554, appium:javascriptEnabled: true, appium:locationContextEnabled: false, appium:networkConnectionEnabled: true, appium:pixelRatio: 3.5, appium:platformVersion: 11, appium:statBarHeight: 84, appium:takesScreenshot: true, appium:viewportRect: {height: 2868, left: 0, top: 84, width: 1440}, appium:warnings: {}, appium:webStorageEnabled: false, platformName: ANDROID}
Session ID: cfddbb74-490b-4e04-a251-95dfe09b2130
at org.openqa.selenium.remote.codec.w3c.W3CHttpResponseCodec.createException(W3CHttpResponseCodec.java:200)
at org.openqa.selenium.remote.codec.w3c.W3CHttpResponseCodec.decode(W3CHttpResponseCodec.java:133)
at org.openqa.selenium.remote.codec.w3c.W3CHttpResponseCodec.decode(W3CHttpResponseCodec.java:52)
at org.openqa.selenium.remote.HttpCommandExecutor.execute(HttpCommandExecutor.java:191)
at io.appium.java_client.remote.AppiumCommandExecutor.execute(AppiumCommandExecutor.java:238)
at org.openqa.selenium.remote.RemoteWebDriver.execute(RemoteWebDriver.java:607)
at org.openqa.selenium.remote.ElementLocation$ElementFinder$2.findElement(ElementLocation.java:165)
at org.openqa.selenium.remote.ElementLocation.findElement(ElementLocation.java:59)
at org.openqa.selenium.remote.RemoteWebDriver.findElement(RemoteWebDriver.java:364)
at org.openqa.selenium.remote.RemoteWebDriver.findElement(RemoteWebDriver.java:358)
at org.openqa.selenium.support.pagefactory.DefaultElementLocator.findElement(DefaultElementLocator.java:68)
at org.openqa.selenium.support.pagefactory.internal.LocatingElementHandler.invoke(LocatingElementHandler.java:38)
at jdk.proxy2/jdk.proxy2.$Proxy15.click(Unknown Source)
at org.mobileautomation.pageObject.Loginpage.clickonLoginBtn(Loginpage.java:96)
at org.mobileautomation.LoginTest.LoginpageTest(LoginTest.java:32)
at java.base/java.util.ArrayList.forEach(ArrayList.java:1511)
... Removed 32 stack frames]]>
    </failure>
  </testcase> <!-- LoginpageTest -->
  <testcase classname="org.mobileautomation.LoginTest" name="LoginpageTest" time="21.976">
    <failure type="org.openqa.selenium.NoSuchElementException" message="An element could not be located on the page using the given search parameters.
For documentation on this error, please visit: https://www.selenium.dev/documentation/webdriver/troubleshooting/errors#no-such-element-exception
Build info: version: &amp;apos;4.15.0&amp;apos;, revision: &amp;apos;1d14b5521b&amp;apos;
System info: os.name: &amp;apos;Windows 11&amp;apos;, os.arch: &amp;apos;amd64&amp;apos;, os.version: &amp;apos;10.0&amp;apos;, java.version: &amp;apos;17.0.5&amp;apos;
Driver info: io.appium.java_client.android.AndroidDriver
Command: [cfddbb74-490b-4e04-a251-95dfe09b2130, findElement {using=xpath, value=//android.widget.Button[@content-desc=&amp;quot;Login&amp;quot;]/android.widget.TextView}]
Capabilities {appium:app: C://Users//tmuke//NewWorkSp..., appium:appPackage: bajaj.customer.screens, appium:automationName: UIAutomator2, appium:databaseEnabled: false, appium:desired: {app: C://Users//tmuke//NewWorkSp..., automationName: UIAutomator2, deviceName: MukeshEmulator2, platformName: ANDROID}, appium:deviceApiLevel: 30, appium:deviceManufacturer: unknown, appium:deviceModel: Android SDK built for x86, appium:deviceName: emulator-5554, appium:deviceScreenDensity: 560, appium:deviceScreenSize: 1440x3120, appium:deviceUDID: emulator-5554, appium:javascriptEnabled: true, appium:locationContextEnabled: false, appium:networkConnectionEnabled: true, appium:pixelRatio: 3.5, appium:platformVersion: 11, appium:statBarHeight: 84, appium:takesScreenshot: true, appium:viewportRect: {height: 2868, left: 0, top: 84, width: 1440}, appium:warnings: {}, appium:webStorageEnabled: false, platformName: ANDROID}
Session ID: cfddbb74-490b-4e04-a251-95dfe09b2130">
      <![CDATA[org.openqa.selenium.NoSuchElementException: An element could not be located on the page using the given search parameters.
For documentation on this error, please visit: https://www.selenium.dev/documentation/webdriver/troubleshooting/errors#no-such-element-exception
Build info: version: '4.15.0', revision: '1d14b5521b'
System info: os.name: 'Windows 11', os.arch: 'amd64', os.version: '10.0', java.version: '17.0.5'
Driver info: io.appium.java_client.android.AndroidDriver
Command: [cfddbb74-490b-4e04-a251-95dfe09b2130, findElement {using=xpath, value=//android.widget.Button[@content-desc="Login"]/android.widget.TextView}]
Capabilities {appium:app: C://Users//tmuke//NewWorkSp..., appium:appPackage: bajaj.customer.screens, appium:automationName: UIAutomator2, appium:databaseEnabled: false, appium:desired: {app: C://Users//tmuke//NewWorkSp..., automationName: UIAutomator2, deviceName: MukeshEmulator2, platformName: ANDROID}, appium:deviceApiLevel: 30, appium:deviceManufacturer: unknown, appium:deviceModel: Android SDK built for x86, appium:deviceName: emulator-5554, appium:deviceScreenDensity: 560, appium:deviceScreenSize: 1440x3120, appium:deviceUDID: emulator-5554, appium:javascriptEnabled: true, appium:locationContextEnabled: false, appium:networkConnectionEnabled: true, appium:pixelRatio: 3.5, appium:platformVersion: 11, appium:statBarHeight: 84, appium:takesScreenshot: true, appium:viewportRect: {height: 2868, left: 0, top: 84, width: 1440}, appium:warnings: {}, appium:webStorageEnabled: false, platformName: ANDROID}
Session ID: cfddbb74-490b-4e04-a251-95dfe09b2130
at org.openqa.selenium.remote.codec.w3c.W3CHttpResponseCodec.createException(W3CHttpResponseCodec.java:200)
at org.openqa.selenium.remote.codec.w3c.W3CHttpResponseCodec.decode(W3CHttpResponseCodec.java:133)
at org.openqa.selenium.remote.codec.w3c.W3CHttpResponseCodec.decode(W3CHttpResponseCodec.java:52)
at org.openqa.selenium.remote.HttpCommandExecutor.execute(HttpCommandExecutor.java:191)
at io.appium.java_client.remote.AppiumCommandExecutor.execute(AppiumCommandExecutor.java:238)
at org.openqa.selenium.remote.RemoteWebDriver.execute(RemoteWebDriver.java:607)
at org.openqa.selenium.remote.ElementLocation$ElementFinder$2.findElement(ElementLocation.java:165)
at org.openqa.selenium.remote.ElementLocation.findElement(ElementLocation.java:59)
at org.openqa.selenium.remote.RemoteWebDriver.findElement(RemoteWebDriver.java:364)
at org.openqa.selenium.remote.RemoteWebDriver.findElement(RemoteWebDriver.java:358)
at org.openqa.selenium.support.pagefactory.DefaultElementLocator.findElement(DefaultElementLocator.java:68)
at org.openqa.selenium.support.pagefactory.internal.LocatingElementHandler.invoke(LocatingElementHandler.java:38)
at jdk.proxy2/jdk.proxy2.$Proxy15.click(Unknown Source)
at org.mobileautomation.pageObject.Loginpage.clickonLoginBtn(Loginpage.java:96)
at org.mobileautomation.LoginTest.LoginpageTest(LoginTest.java:32)
at java.base/java.util.ArrayList.forEach(ArrayList.java:1511)
... Removed 32 stack frames]]>
    </failure>
  </testcase> <!-- LoginpageTest -->
  <testcase classname="org.mobileautomation.LoginTest" name="LoginpageTest" time="21.557">
    <failure type="org.openqa.selenium.NoSuchElementException" message="An element could not be located on the page using the given search parameters.
For documentation on this error, please visit: https://www.selenium.dev/documentation/webdriver/troubleshooting/errors#no-such-element-exception
Build info: version: &amp;apos;4.15.0&amp;apos;, revision: &amp;apos;1d14b5521b&amp;apos;
System info: os.name: &amp;apos;Windows 11&amp;apos;, os.arch: &amp;apos;amd64&amp;apos;, os.version: &amp;apos;10.0&amp;apos;, java.version: &amp;apos;17.0.5&amp;apos;
Driver info: io.appium.java_client.android.AndroidDriver
Command: [cfddbb74-490b-4e04-a251-95dfe09b2130, findElement {using=xpath, value=//android.widget.Button[@content-desc=&amp;quot;Login&amp;quot;]/android.widget.TextView}]
Capabilities {appium:app: C://Users//tmuke//NewWorkSp..., appium:appPackage: bajaj.customer.screens, appium:automationName: UIAutomator2, appium:databaseEnabled: false, appium:desired: {app: C://Users//tmuke//NewWorkSp..., automationName: UIAutomator2, deviceName: MukeshEmulator2, platformName: ANDROID}, appium:deviceApiLevel: 30, appium:deviceManufacturer: unknown, appium:deviceModel: Android SDK built for x86, appium:deviceName: emulator-5554, appium:deviceScreenDensity: 560, appium:deviceScreenSize: 1440x3120, appium:deviceUDID: emulator-5554, appium:javascriptEnabled: true, appium:locationContextEnabled: false, appium:networkConnectionEnabled: true, appium:pixelRatio: 3.5, appium:platformVersion: 11, appium:statBarHeight: 84, appium:takesScreenshot: true, appium:viewportRect: {height: 2868, left: 0, top: 84, width: 1440}, appium:warnings: {}, appium:webStorageEnabled: false, platformName: ANDROID}
Session ID: cfddbb74-490b-4e04-a251-95dfe09b2130">
      <![CDATA[org.openqa.selenium.NoSuchElementException: An element could not be located on the page using the given search parameters.
For documentation on this error, please visit: https://www.selenium.dev/documentation/webdriver/troubleshooting/errors#no-such-element-exception
Build info: version: '4.15.0', revision: '1d14b5521b'
System info: os.name: 'Windows 11', os.arch: 'amd64', os.version: '10.0', java.version: '17.0.5'
Driver info: io.appium.java_client.android.AndroidDriver
Command: [cfddbb74-490b-4e04-a251-95dfe09b2130, findElement {using=xpath, value=//android.widget.Button[@content-desc="Login"]/android.widget.TextView}]
Capabilities {appium:app: C://Users//tmuke//NewWorkSp..., appium:appPackage: bajaj.customer.screens, appium:automationName: UIAutomator2, appium:databaseEnabled: false, appium:desired: {app: C://Users//tmuke//NewWorkSp..., automationName: UIAutomator2, deviceName: MukeshEmulator2, platformName: ANDROID}, appium:deviceApiLevel: 30, appium:deviceManufacturer: unknown, appium:deviceModel: Android SDK built for x86, appium:deviceName: emulator-5554, appium:deviceScreenDensity: 560, appium:deviceScreenSize: 1440x3120, appium:deviceUDID: emulator-5554, appium:javascriptEnabled: true, appium:locationContextEnabled: false, appium:networkConnectionEnabled: true, appium:pixelRatio: 3.5, appium:platformVersion: 11, appium:statBarHeight: 84, appium:takesScreenshot: true, appium:viewportRect: {height: 2868, left: 0, top: 84, width: 1440}, appium:warnings: {}, appium:webStorageEnabled: false, platformName: ANDROID}
Session ID: cfddbb74-490b-4e04-a251-95dfe09b2130
at org.openqa.selenium.remote.codec.w3c.W3CHttpResponseCodec.createException(W3CHttpResponseCodec.java:200)
at org.openqa.selenium.remote.codec.w3c.W3CHttpResponseCodec.decode(W3CHttpResponseCodec.java:133)
at org.openqa.selenium.remote.codec.w3c.W3CHttpResponseCodec.decode(W3CHttpResponseCodec.java:52)
at org.openqa.selenium.remote.HttpCommandExecutor.execute(HttpCommandExecutor.java:191)
at io.appium.java_client.remote.AppiumCommandExecutor.execute(AppiumCommandExecutor.java:238)
at org.openqa.selenium.remote.RemoteWebDriver.execute(RemoteWebDriver.java:607)
at org.openqa.selenium.remote.ElementLocation$ElementFinder$2.findElement(ElementLocation.java:165)
at org.openqa.selenium.remote.ElementLocation.findElement(ElementLocation.java:59)
at org.openqa.selenium.remote.RemoteWebDriver.findElement(RemoteWebDriver.java:364)
at org.openqa.selenium.remote.RemoteWebDriver.findElement(RemoteWebDriver.java:358)
at org.openqa.selenium.support.pagefactory.DefaultElementLocator.findElement(DefaultElementLocator.java:68)
at org.openqa.selenium.support.pagefactory.internal.LocatingElementHandler.invoke(LocatingElementHandler.java:38)
at jdk.proxy2/jdk.proxy2.$Proxy15.click(Unknown Source)
at org.mobileautomation.pageObject.Loginpage.clickonLoginBtn(Loginpage.java:96)
at org.mobileautomation.LoginTest.LoginpageTest(LoginTest.java:32)
at java.base/java.util.ArrayList.forEach(ArrayList.java:1511)
... Removed 32 stack frames]]>
    </failure>
  </testcase> <!-- LoginpageTest -->
  <testcase classname="org.mobileautomation.LoginTest" name="LoginpageTest" time="21.79">
    <failure type="org.openqa.selenium.NoSuchElementException" message="An element could not be located on the page using the given search parameters.
For documentation on this error, please visit: https://www.selenium.dev/documentation/webdriver/troubleshooting/errors#no-such-element-exception
Build info: version: &amp;apos;4.15.0&amp;apos;, revision: &amp;apos;1d14b5521b&amp;apos;
System info: os.name: &amp;apos;Windows 11&amp;apos;, os.arch: &amp;apos;amd64&amp;apos;, os.version: &amp;apos;10.0&amp;apos;, java.version: &amp;apos;17.0.5&amp;apos;
Driver info: io.appium.java_client.android.AndroidDriver
Command: [cfddbb74-490b-4e04-a251-95dfe09b2130, findElement {using=xpath, value=//android.widget.Button[@content-desc=&amp;quot;Login&amp;quot;]/android.widget.TextView}]
Capabilities {appium:app: C://Users//tmuke//NewWorkSp..., appium:appPackage: bajaj.customer.screens, appium:automationName: UIAutomator2, appium:databaseEnabled: false, appium:desired: {app: C://Users//tmuke//NewWorkSp..., automationName: UIAutomator2, deviceName: MukeshEmulator2, platformName: ANDROID}, appium:deviceApiLevel: 30, appium:deviceManufacturer: unknown, appium:deviceModel: Android SDK built for x86, appium:deviceName: emulator-5554, appium:deviceScreenDensity: 560, appium:deviceScreenSize: 1440x3120, appium:deviceUDID: emulator-5554, appium:javascriptEnabled: true, appium:locationContextEnabled: false, appium:networkConnectionEnabled: true, appium:pixelRatio: 3.5, appium:platformVersion: 11, appium:statBarHeight: 84, appium:takesScreenshot: true, appium:viewportRect: {height: 2868, left: 0, top: 84, width: 1440}, appium:warnings: {}, appium:webStorageEnabled: false, platformName: ANDROID}
Session ID: cfddbb74-490b-4e04-a251-95dfe09b2130">
      <![CDATA[org.openqa.selenium.NoSuchElementException: An element could not be located on the page using the given search parameters.
For documentation on this error, please visit: https://www.selenium.dev/documentation/webdriver/troubleshooting/errors#no-such-element-exception
Build info: version: '4.15.0', revision: '1d14b5521b'
System info: os.name: 'Windows 11', os.arch: 'amd64', os.version: '10.0', java.version: '17.0.5'
Driver info: io.appium.java_client.android.AndroidDriver
Command: [cfddbb74-490b-4e04-a251-95dfe09b2130, findElement {using=xpath, value=//android.widget.Button[@content-desc="Login"]/android.widget.TextView}]
Capabilities {appium:app: C://Users//tmuke//NewWorkSp..., appium:appPackage: bajaj.customer.screens, appium:automationName: UIAutomator2, appium:databaseEnabled: false, appium:desired: {app: C://Users//tmuke//NewWorkSp..., automationName: UIAutomator2, deviceName: MukeshEmulator2, platformName: ANDROID}, appium:deviceApiLevel: 30, appium:deviceManufacturer: unknown, appium:deviceModel: Android SDK built for x86, appium:deviceName: emulator-5554, appium:deviceScreenDensity: 560, appium:deviceScreenSize: 1440x3120, appium:deviceUDID: emulator-5554, appium:javascriptEnabled: true, appium:locationContextEnabled: false, appium:networkConnectionEnabled: true, appium:pixelRatio: 3.5, appium:platformVersion: 11, appium:statBarHeight: 84, appium:takesScreenshot: true, appium:viewportRect: {height: 2868, left: 0, top: 84, width: 1440}, appium:warnings: {}, appium:webStorageEnabled: false, platformName: ANDROID}
Session ID: cfddbb74-490b-4e04-a251-95dfe09b2130
at org.openqa.selenium.remote.codec.w3c.W3CHttpResponseCodec.createException(W3CHttpResponseCodec.java:200)
at org.openqa.selenium.remote.codec.w3c.W3CHttpResponseCodec.decode(W3CHttpResponseCodec.java:133)
at org.openqa.selenium.remote.codec.w3c.W3CHttpResponseCodec.decode(W3CHttpResponseCodec.java:52)
at org.openqa.selenium.remote.HttpCommandExecutor.execute(HttpCommandExecutor.java:191)
at io.appium.java_client.remote.AppiumCommandExecutor.execute(AppiumCommandExecutor.java:238)
at org.openqa.selenium.remote.RemoteWebDriver.execute(RemoteWebDriver.java:607)
at org.openqa.selenium.remote.ElementLocation$ElementFinder$2.findElement(ElementLocation.java:165)
at org.openqa.selenium.remote.ElementLocation.findElement(ElementLocation.java:59)
at org.openqa.selenium.remote.RemoteWebDriver.findElement(RemoteWebDriver.java:364)
at org.openqa.selenium.remote.RemoteWebDriver.findElement(RemoteWebDriver.java:358)
at org.openqa.selenium.support.pagefactory.DefaultElementLocator.findElement(DefaultElementLocator.java:68)
at org.openqa.selenium.support.pagefactory.internal.LocatingElementHandler.invoke(LocatingElementHandler.java:38)
at jdk.proxy2/jdk.proxy2.$Proxy15.click(Unknown Source)
at org.mobileautomation.pageObject.Loginpage.clickonLoginBtn(Loginpage.java:96)
at org.mobileautomation.LoginTest.LoginpageTest(LoginTest.java:32)
at java.base/java.util.ArrayList.forEach(ArrayList.java:1511)
... Removed 32 stack frames]]>
    </failure>
  </testcase> <!-- LoginpageTest -->
</testsuite> <!-- PreLoginRegression -->
